  DunDunDungeonServer.cpp
C:\Program Files (x86)\hiredis\include\hiredis\sds.h(55,10): warning C4200: 비표준 확장이 사용됨: 구조체/공용 구조체의 배열 크기가 0입니다.
C:\Program Files (x86)\hiredis\include\hiredis\sds.h(55,10): message : 이 멤버는 기본값으로 설정된 생성자 또는 복사/이동 대입 연산자에서 무시됩니다.
C:\Program Files (x86)\hiredis\include\hiredis\sds.h(61,10): warning C4200: 비표준 확장이 사용됨: 구조체/공용 구조체의 배열 크기가 0입니다.
C:\Program Files (x86)\hiredis\include\hiredis\sds.h(61,10): message : 이 멤버는 기본값으로 설정된 생성자 또는 복사/이동 대입 연산자에서 무시됩니다.
C:\Program Files (x86)\hiredis\include\hiredis\sds.h(67,10): warning C4200: 비표준 확장이 사용됨: 구조체/공용 구조체의 배열 크기가 0입니다.
C:\Program Files (x86)\hiredis\include\hiredis\sds.h(67,10): message : 이 멤버는 기본값으로 설정된 생성자 또는 복사/이동 대입 연산자에서 무시됩니다.
C:\Program Files (x86)\hiredis\include\hiredis\sds.h(73,10): warning C4200: 비표준 확장이 사용됨: 구조체/공용 구조체의 배열 크기가 0입니다.
C:\Program Files (x86)\hiredis\include\hiredis\sds.h(73,10): message : 이 멤버는 기본값으로 설정된 생성자 또는 복사/이동 대입 연산자에서 무시됩니다.
C:\Program Files (x86)\hiredis\include\hiredis\sds.h(79,10): warning C4200: 비표준 확장이 사용됨: 구조체/공용 구조체의 배열 크기가 0입니다.
C:\Program Files (x86)\hiredis\include\hiredis\sds.h(79,10): message : 이 멤버는 기본값으로 설정된 생성자 또는 복사/이동 대입 연산자에서 무시됩니다.
C:\Users\99042\Desktop\DDD\DunDunDungeonServer\DunDunDungeonServer\DunDunDungeonServer.cpp(76,1): warning C4267: '인수': 'size_t'에서 'rapidjson::SizeType'(으)로 변환하면서 데이터가 손실될 수 있습니다.
C:\Users\99042\Desktop\DDD\DunDunDungeonServer\DunDunDungeonServer\DunDunDungeonServer.cpp(96,1): warning C4267: '인수': 'size_t'에서 'rapidjson::SizeType'(으)로 변환하면서 데이터가 손실될 수 있습니다.
C:\Users\99042\Desktop\DDD\DunDunDungeonServer\DunDunDungeonServer\DunDunDungeonServer.cpp(123,1): warning C4267: '인수': 'size_t'에서 'rapidjson::SizeType'(으)로 변환하면서 데이터가 손실될 수 있습니다.
C:\Users\99042\Desktop\DDD\DunDunDungeonServer\DunDunDungeonServer\DunDunDungeonServer.cpp(188,1): warning C4267: '인수': 'size_t'에서 'rapidjson::SizeType'(으)로 변환하면서 데이터가 손실될 수 있습니다.
C:\Users\99042\Desktop\DDD\DunDunDungeonServer\DunDunDungeonServer\DunDunDungeonServer.cpp(243,1): warning C4267: '인수': 'size_t'에서 'rapidjson::SizeType'(으)로 변환하면서 데이터가 손실될 수 있습니다.
C:\Users\99042\Desktop\DDD\DunDunDungeonServer\DunDunDungeonServer\DunDunDungeonServer.cpp(464,30): warning C4267: '초기화 중': 'size_t'에서 'int'(으)로 변환하면서 데이터가 손실될 수 있습니다.
C:\Users\99042\Desktop\DDD\DunDunDungeonServer\DunDunDungeonServer\DunDunDungeonServer.cpp(801,92): warning C4267: '인수': 'size_t'에서 '_Ty'(으)로 변환하면서 데이터가 손실될 수 있습니다.
          with
          [
              _Ty=int
          ]
C:\Users\99042\Desktop\DDD\DunDunDungeonServer\DunDunDungeonServer\DunDunDungeonServer.cpp(826,60): warning C4267: '인수': 'size_t'에서 'rapidjson::SizeType'(으)로 변환하면서 데이터가 손실될 수 있습니다.
C:\Users\99042\Desktop\DDD\DunDunDungeonServer\DunDunDungeonServer\DunDunDungeonServer.cpp(884,38): warning C4267: '초기화 중': 'size_t'에서 'int'(으)로 변환하면서 데이터가 손실될 수 있습니다.
C:\Users\99042\Desktop\DDD\DunDunDungeonServer\DunDunDungeonServer\DunDunDungeonServer.cpp(1047,75): warning C4267: '인수': 'size_t'에서 'rapidjson::SizeType'(으)로 변환하면서 데이터가 손실될 수 있습니다.
C:\Users\99042\Desktop\DDD\DunDunDungeonServer\DunDunDungeonServer\DunDunDungeonServer.cpp(1194,28): warning C4244: '인수': 'SOCKET'에서 'int'(으)로 변환하면서 데이터가 손실될 수 있습니다.
  DunDunDungeonServer.vcxproj -> C:\Users\99042\Desktop\DDD\DunDunDungeonServer\x64\Debug\DunDunDungeonServer.exe
